<?xml version="1.0" encoding="UTF-8"?>
<!-- Generated by org.testng.reporters.JUnitReportReporter -->
<testsuite hostname="MHSHAHIB" failures="0" tests="1" name="hometest.HomePageTest" time="24.998" errors="0" timestamp="2020-06-06T11:56:51 EDT" skipped="0">
  <testcase classname="hometest.HomePageTest" name="testSearchProduct" time="24.998"/>
  <system-out/>
</testsuite> <!-- hometest.HomePageTest -->
